<?xml version="1.0"?>
<!DOCTYPE coverage SYSTEM "http://cobertura.sourceforge.net/xml/coverage-04.dtd">

<coverage line-rate="0.16912972085385877" branch-rate="0.09272467902995721" lines-covered="206" lines-valid="1218" branches-covered="65" branches-valid="701" complexity="4.468354430379747" version="2.0.3" timestamp="1442513115612">
	<sources>
		<source>--source</source>
		<source>/home/travis/build/Internet2/grouper/grouper-misc/morphString/src/java</source>
	</sources>
	<packages>
		<package name="edu.internet2.middleware.morphString" line-rate="0.09487666034155598" branch-rate="0.0554675118858954" complexity="4.585714285714285">
			<classes>
				<class name="edu.internet2.middleware.morphString.Crypto" filename="edu/internet2/middleware/morphString/Crypto.java" line-rate="0.5555555555555556" branch-rate="0.4583333333333333" complexity="3.0">
					<methods>
						<method name="&lt;clinit&gt;" signature="()V" line-rate="1.0" branch-rate="1.0">
							<lines>
								<line number="54" hits="1" branch="false"/>
								<line number="122" hits="1" branch="false"/>
							</lines>
						</method>
						<method name="&lt;init&gt;" signature="()V" line-rate="1.0" branch-rate="1.0">
							<lines>
								<line number="110" hits="1" branch="false"/>
								<line number="111" hits="1" branch="false"/>
							</lines>
						</method>
						<method name="&lt;init&gt;" signature="(Ljava/lang/String;)V" line-rate="1.0" branch-rate="1.0">
							<lines>
								<line number="94" hits="1" branch="false"/>
								<line number="117" hits="1" branch="false"/>
								<line number="118" hits="1" branch="false"/>
								<line number="119" hits="1" branch="false"/>
							</lines>
						</method>
						<method name="createDefaultCipher" signature="()Ljavax/crypto/Cipher;" line-rate="0.3333333333333333" branch-rate="1.0">
							<lines>
								<line number="102" hits="1" branch="false"/>
								<line number="103" hits="0" branch="false"/>
								<line number="104" hits="0" branch="false"/>
							</lines>
						</method>
						<method name="decrypt" signature="(Ljava/io/InputStream;)Ljava/io/InputStream;" line-rate="0.0" branch-rate="1.0">
							<lines>
								<line number="221" hits="0" branch="false"/>
								<line number="222" hits="0" branch="false"/>
							</lines>
						</method>
						<method name="decrypt" signature="(Ljava/io/OutputStream;)Ljava/io/OutputStream;" line-rate="0.0" branch-rate="1.0">
							<lines>
								<line number="241" hits="0" branch="false"/>
								<line number="242" hits="0" branch="false"/>
							</lines>
						</method>
						<method name="decrypt" signature="(Ljava/lang/String;)Ljava/lang/String;" line-rate="0.7142857142857143" branch-rate="1.0">
							<lines>
								<line number="179" hits="1" branch="false"/>
								<line number="180" hits="1" branch="false"/>
								<line number="181" hits="1" branch="false"/>
								<line number="182" hits="1" branch="false"/>
								<line number="183" hits="1" branch="false"/>
								<line number="184" hits="0" branch="false"/>
								<line number="185" hits="0" branch="false"/>
							</lines>
						</method>
						<method name="encrypt" signature="(Ljava/io/InputStream;)Ljava/io/InputStream;" line-rate="0.0" branch-rate="1.0">
							<lines>
								<line number="211" hits="0" branch="false"/>
								<line number="212" hits="0" branch="false"/>
							</lines>
						</method>
						<method name="encrypt" signature="(Ljava/io/OutputStream;)Ljava/io/OutputStream;" line-rate="0.0" branch-rate="1.0">
							<lines>
								<line number="231" hits="0" branch="false"/>
								<line number="232" hits="0" branch="false"/>
							</lines>
						</method>
						<method name="encrypt" signature="(Ljava/lang/String;)Ljava/lang/String;" line-rate="0.7142857142857143" branch-rate="1.0">
							<lines>
								<line number="161" hits="1" branch="false"/>
								<line number="163" hits="1" branch="false"/>
								<line number="164" hits="1" branch="false"/>
								<line number="165" hits="1" branch="false"/>
								<line number="166" hits="1" branch="false"/>
								<line number="167" hits="0" branch="false"/>
								<line number="168" hits="0" branch="false"/>
							</lines>
						</method>
						<method name="generateKeyBytes" signature="(Ljava/lang/String;Ljava/lang/Integer;)[B" line-rate="0.0" branch-rate="0.0">
							<lines>
								<line number="73" hits="0" branch="false"/>
								<line number="74" hits="0" branch="true" condition-coverage="0% (0/2)">
									<conditions>
										<condition number="0" type="jump" coverage="0%"/>
									</conditions>
								</line>
								<line number="76" hits="0" branch="false"/>
								<line number="77" hits="0" branch="false"/>
								<line number="78" hits="0" branch="false"/>
								<line number="79" hits="0" branch="false"/>
								<line number="80" hits="0" branch="true" condition-coverage="0% (0/2)">
									<conditions>
										<condition number="0" type="jump" coverage="0%"/>
									</conditions>
								</line>
								<line number="83" hits="0" branch="false"/>
								<line number="84" hits="0" branch="false"/>
								<line number="86" hits="0" branch="false"/>
							</lines>
						</method>
						<method name="getThreadLocalCrypto" signature="()Ledu/internet2/middleware/morphString/Crypto;" line-rate="1.0" branch-rate="1.0">
							<lines>
								<line number="58" hits="2" branch="false"/>
								<line number="59" hits="2" branch="true" condition-coverage="100% (2/2)">
									<conditions>
										<condition number="0" type="jump" coverage="100%"/>
									</conditions>
								</line>
								<line number="60" hits="1" branch="false"/>
								<line number="61" hits="1" branch="false"/>
								<line number="63" hits="2" branch="false"/>
							</lines>
						</method>
						<method name="init" signature="(Ljava/lang/String;)V" line-rate="0.6470588235294118" branch-rate="0.5">
							<lines>
								<line number="129" hits="1" branch="true" condition-coverage="50% (1/2)">
									<conditions>
										<condition number="0" type="jump" coverage="50%"/>
									</conditions>
								</line>
								<line number="130" hits="0" branch="false"/>
								<line number="132" hits="1" branch="false"/>
								<line number="133" hits="1" branch="true" condition-coverage="50% (2/4)">
									<conditions>
										<condition number="0" type="jump" coverage="50%"/>
										<condition number="1" type="jump" coverage="50%"/>
									</conditions>
								</line>
								<line number="135" hits="0" branch="false"/>
								<line number="136" hits="0" branch="false"/>
								<line number="139" hits="5" branch="true" condition-coverage="100% (2/2)">
									<conditions>
										<condition number="0" type="jump" coverage="100%"/>
									</conditions>
								</line>
								<line number="140" hits="4" branch="false"/>
								<line number="142" hits="1" branch="true" condition-coverage="50% (1/2)">
									<conditions>
										<condition number="0" type="jump" coverage="50%"/>
									</conditions>
								</line>
								<line number="143" hits="0" branch="true" condition-coverage="0% (0/2)">
									<conditions>
										<condition number="0" type="jump" coverage="0%"/>
									</conditions>
								</line>
								<line number="144" hits="0" branch="false"/>
								<line number="147" hits="1" branch="true" condition-coverage="50% (1/2)">
									<conditions>
										<condition number="0" type="jump" coverage="50%"/>
									</conditions>
								</line>
								<line number="148" hits="0" branch="false"/>
								<line number="150" hits="1" branch="false"/>
								<line number="151" hits="1" branch="false"/>
								<line number="152" hits="1" branch="false"/>
								<line number="153" hits="1" branch="false"/>
							</lines>
						</method>
						<method name="initCipher" signature="(Z)V" line-rate="0.7142857142857143" branch-rate="0.5">
							<lines>
								<line number="195" hits="2" branch="true" condition-coverage="100% (2/2)">
									<conditions>
										<condition number="0" type="jump" coverage="100%"/>
									</conditions>
								</line>
								<line number="196" hits="1" branch="false"/>
								<line number="198" hits="1" branch="false"/>
								<line number="200" hits="0" branch="false"/>
								<line number="201" hits="0" branch="true" condition-coverage="0% (0/2)">
									<conditions>
										<condition number="0" type="jump" coverage="0%"/>
									</conditions>
								</line>
								<line number="202" hits="2" branch="false"/>
								<line number="203" hits="2" branch="false"/>
							</lines>
						</method>
					</methods>
					<lines>
						<line number="54" hits="1" branch="false"/>
						<line number="58" hits="2" branch="false"/>
						<line number="59" hits="2" branch="true" condition-coverage="100% (2/2)">
							<conditions>
								<condition number="0" type="jump" coverage="100%"/>
							</conditions>
						</line>
						<line number="60" hits="1" branch="false"/>
						<line number="61" hits="1" branch="false"/>
						<line number="63" hits="2" branch="false"/>
						<line number="73" hits="0" branch="false"/>
						<line number="74" hits="0" branch="true" condition-coverage="0% (0/2)">
							<conditions>
								<condition number="0" type="jump" coverage="0%"/>
							</conditions>
						</line>
						<line number="76" hits="0" branch="false"/>
						<line number="77" hits="0" branch="false"/>
						<line number="78" hits="0" branch="false"/>
						<line number="79" hits="0" branch="false"/>
						<line number="80" hits="0" branch="true" condition-coverage="0% (0/2)">
							<conditions>
								<condition number="0" type="jump" coverage="0%"/>
							</conditions>
						</line>
						<line number="83" hits="0" branch="false"/>
						<line number="84" hits="0" branch="false"/>
						<line number="86" hits="0" branch="false"/>
						<line number="94" hits="1" branch="false"/>
						<line number="102" hits="1" branch="false"/>
						<line number="103" hits="0" branch="false"/>
						<line number="104" hits="0" branch="false"/>
						<line number="110" hits="1" branch="false"/>
						<line number="111" hits="1" branch="false"/>
						<line number="117" hits="1" branch="false"/>
						<line number="118" hits="1" branch="false"/>
						<line number="119" hits="1" branch="false"/>
						<line number="122" hits="1" branch="false"/>
						<line number="129" hits="1" branch="true" condition-coverage="50% (1/2)">
							<conditions>
								<condition number="0" type="jump" coverage="50%"/>
							</conditions>
						</line>
						<line number="130" hits="0" branch="false"/>
						<line number="132" hits="1" branch="false"/>
						<line number="133" hits="1" branch="true" condition-coverage="50% (2/4)">
							<conditions>
								<condition number="0" type="jump" coverage="50%"/>
								<condition number="1" type="jump" coverage="50%"/>
							</conditions>
						</line>
						<line number="135" hits="0" branch="false"/>
						<line number="136" hits="0" branch="false"/>
						<line number="139" hits="5" branch="true" condition-coverage="100% (2/2)">
							<conditions>
								<condition number="0" type="jump" coverage="100%"/>
							</conditions>
						</line>
						<line number="140" hits="4" branch="false"/>
						<line number="142" hits="1" branch="true" condition-coverage="50% (1/2)">
							<conditions>
								<condition number="0" type="jump" coverage="50%"/>
							</conditions>
						</line>
						<line number="143" hits="0" branch="true" condition-coverage="0% (0/2)">
							<conditions>
								<condition number="0" type="jump" coverage="0%"/>
							</conditions>
						</line>
						<line number="144" hits="0" branch="false"/>
						<line number="147" hits="1" branch="true" condition-coverage="50% (1/2)">
							<conditions>
								<condition number="0" type="jump" coverage="50%"/>
							</conditions>
						</line>
						<line number="148" hits="0" branch="false"/>
						<line number="150" hits="1" branch="false"/>
						<line number="151" hits="1" branch="false"/>
						<line number="152" hits="1" branch="false"/>
						<line number="153" hits="1" branch="false"/>
						<line number="161" hits="1" branch="false"/>
						<line number="163" hits="1" branch="false"/>
						<line number="164" hits="1" branch="false"/>
						<line number="165" hits="1" branch="false"/>
						<line number="166" hits="1" branch="false"/>
						<line number="167" hits="0" branch="false"/>
						<line number="168" hits="0" branch="false"/>
						<line number="179" hits="1" branch="false"/>
						<line number="180" hits="1" branch="false"/>
						<line number="181" hits="1" branch="false"/>
						<line number="182" hits="1" branch="false"/>
						<line number="183" hits="1" branch="false"/>
						<line number="184" hits="0" branch="false"/>
						<line number="185" hits="0" branch="false"/>
						<line number="195" hits="2" branch="true" condition-coverage="100% (2/2)">
							<conditions>
								<condition number="0" type="jump" coverage="100%"/>
							</conditions>
						</line>
						<line number="196" hits="1" branch="false"/>
						<line number="198" hits="1" branch="false"/>
						<line number="200" hits="0" branch="false"/>
						<line number="201" hits="0" branch="true" condition-coverage="0% (0/2)">
							<conditions>
								<condition number="0" type="jump" coverage="0%"/>
							</conditions>
						</line>
						<line number="202" hits="2" branch="false"/>
						<line number="203" hits="2" branch="false"/>
						<line number="211" hits="0" branch="false"/>
						<line number="212" hits="0" branch="false"/>
						<line number="221" hits="0" branch="false"/>
						<line number="222" hits="0" branch="false"/>
						<line number="231" hits="0" branch="false"/>
						<line number="232" hits="0" branch="false"/>
						<line number="241" hits="0" branch="false"/>
						<line number="242" hits="0" branch="false"/>
					</lines>
				</class>
				<class name="edu.internet2.middleware.morphString.Encrypt" filename="edu/internet2/middleware/morphString/Encrypt.java" line-rate="0.0" branch-rate="0.0" complexity="4.333333333333333">
					<methods>
						<method name="&lt;init&gt;" signature="()V" line-rate="0.0" branch-rate="1.0">
							<lines>
								<line number="31" hits="0" branch="false"/>
								<line number="173" hits="0" branch="false"/>
							</lines>
						</method>
						<method name="encryptInput" signature="(Z)V" line-rate="0.0" branch-rate="0.0">
							<lines>
								<line number="74" hits="0" branch="false"/>
								<line number="75" hits="0" branch="false"/>
								<line number="77" hits="0" branch="true" condition-coverage="0% (0/2)">
									<conditions>
										<condition number="0" type="jump" coverage="0%"/>
									</conditions>
								</line>
								<line number="79" hits="0" branch="false"/>
								<line number="81" hits="0" branch="false"/>
								<line number="86" hits="0" branch="false"/>
								<line number="87" hits="0" branch="false"/>
								<line number="88" hits="0" branch="false"/>
								<line number="89" hits="0" branch="false"/>
								<line number="90" hits="0" branch="false"/>
								<line number="92" hits="0" branch="false"/>
								<line number="93" hits="0" branch="false"/>
								<line number="95" hits="0" branch="false"/>
								<line number="96" hits="0" branch="false"/>
								<line number="97" hits="0" branch="false"/>
								<line number="98" hits="0" branch="false"/>
								<line number="99" hits="0" branch="false"/>
								<line number="101" hits="0" branch="true" condition-coverage="0% (0/2)">
									<conditions>
										<condition number="0" type="jump" coverage="0%"/>
									</conditions>
								</line>
								<line number="102" hits="0" branch="false"/>
								<line number="104" hits="0" branch="false"/>
								<line number="107" hits="0" branch="false"/>
							</lines>
						</method>
						<method name="main" signature="([Ljava/lang/String;)V" line-rate="0.0" branch-rate="0.0">
							<lines>
								<line number="40" hits="0" branch="true" condition-coverage="0% (0/4)">
									<conditions>
										<condition number="0" type="jump" coverage="0%"/>
										<condition number="1" type="jump" coverage="0%"/>
									</conditions>
								</line>
								<line number="44" hits="0" branch="false"/>
								<line number="45" hits="0" branch="false"/>
								<line number="47" hits="0" branch="false"/>
								<line number="50" hits="0" branch="false"/>
								<line number="54" hits="0" branch="false"/>
								<line number="56" hits="0" branch="false"/>
								<line number="57" hits="0" branch="false"/>
								<line number="58" hits="0" branch="false"/>
								<line number="59" hits="0" branch="false"/>
								<line number="60" hits="0" branch="false"/>
								<line number="61" hits="0" branch="false"/>
								<line number="63" hits="0" branch="false"/>
								<line number="65" hits="0" branch="false"/>
								<line number="67" hits="0" branch="false"/>
							</lines>
						</method>
						<method name="password" signature="(Ljava/io/InputStream;Ljava/lang/String;)[C" line-rate="0.0" branch-rate="0.0">
							<lines>
								<line number="117" hits="0" branch="false"/>
								<line number="119" hits="0" branch="false"/>
								<line number="120" hits="0" branch="false"/>
								<line number="125" hits="0" branch="false"/>
								<line number="127" hits="0" branch="false"/>
								<line number="128" hits="0" branch="false"/>
								<line number="132" hits="0" branch="true" condition-coverage="0% (0/3)">
									<conditions>
										<condition number="0" type="switch" coverage="0%"/>
									</conditions>
								</line>
								<line number="135" hits="0" branch="false"/>
								<line number="138" hits="0" branch="false"/>
								<line number="139" hits="0" branch="true" condition-coverage="0% (0/4)">
									<conditions>
										<condition number="0" type="jump" coverage="0%"/>
										<condition number="1" type="jump" coverage="0%"/>
									</conditions>
								</line>
								<line number="140" hits="0" branch="true" condition-coverage="0% (0/2)">
									<conditions>
										<condition number="0" type="jump" coverage="0%"/>
									</conditions>
								</line>
								<line number="141" hits="0" branch="false"/>
								<line number="143" hits="0" branch="false"/>
								<line number="149" hits="0" branch="true" condition-coverage="0% (0/2)">
									<conditions>
										<condition number="0" type="jump" coverage="0%"/>
									</conditions>
								</line>
								<line number="150" hits="0" branch="false"/>
								<line number="151" hits="0" branch="false"/>
								<line number="152" hits="0" branch="false"/>
								<line number="153" hits="0" branch="false"/>
								<line number="154" hits="0" branch="false"/>
								<line number="156" hits="0" branch="false"/>
								<line number="157" hits="0" branch="false"/>
								<line number="160" hits="0" branch="false"/>
								<line number="161" hits="0" branch="true" condition-coverage="0% (0/2)">
									<conditions>
										<condition number="0" type="jump" coverage="0%"/>
									</conditions>
								</line>
								<line number="162" hits="0" branch="false"/>
								<line number="164" hits="0" branch="false"/>
								<line number="165" hits="0" branch="false"/>
								<line number="166" hits="0" branch="false"/>
								<line number="167" hits="0" branch="false"/>
							</lines>
						</method>
					</methods>
					<lines>
						<line number="31" hits="0" branch="false"/>
						<line number="40" hits="0" branch="true" condition-coverage="0% (0/4)">
							<conditions>
								<condition number="0" type="jump" coverage="0%"/>
								<condition number="1" type="jump" coverage="0%"/>
							</conditions>
						</line>
						<line number="44" hits="0" branch="false"/>
						<line number="45" hits="0" branch="false"/>
						<line number="47" hits="0" branch="false"/>
						<line number="50" hits="0" branch="false"/>
						<line number="54" hits="0" branch="false"/>
						<line number="56" hits="0" branch="false"/>
						<line number="57" hits="0" branch="false"/>
						<line number="58" hits="0" branch="false"/>
						<line number="59" hits="0" branch="false"/>
						<line number="60" hits="0" branch="false"/>
						<line number="61" hits="0" branch="false"/>
						<line number="63" hits="0" branch="false"/>
						<line number="65" hits="0" branch="false"/>
						<line number="67" hits="0" branch="false"/>
						<line number="74" hits="0" branch="false"/>
						<line number="75" hits="0" branch="false"/>
						<line number="77" hits="0" branch="true" condition-coverage="0% (0/2)">
							<conditions>
								<condition number="0" type="jump" coverage="0%"/>
							</conditions>
						</line>
						<line number="79" hits="0" branch="false"/>
						<line number="81" hits="0" branch="false"/>
						<line number="86" hits="0" branch="false"/>
						<line number="87" hits="0" branch="false"/>
						<line number="88" hits="0" branch="false"/>
						<line number="89" hits="0" branch="false"/>
						<line number="90" hits="0" branch="false"/>
						<line number="92" hits="0" branch="false"/>
						<line number="93" hits="0" branch="false"/>
						<line number="95" hits="0" branch="false"/>
						<line number="96" hits="0" branch="false"/>
						<line number="97" hits="0" branch="false"/>
						<line number="98" hits="0" branch="false"/>
						<line number="99" hits="0" branch="false"/>
						<line number="101" hits="0" branch="true" condition-coverage="0% (0/2)">
							<conditions>
								<condition number="0" type="jump" coverage="0%"/>
							</conditions>
						</line>
						<line number="102" hits="0" branch="false"/>
						<line number="104" hits="0" branch="false"/>
						<line number="107" hits="0" branch="false"/>
						<line number="117" hits="0" branch="false"/>
						<line number="119" hits="0" branch="false"/>
						<line number="120" hits="0" branch="false"/>
						<line number="125" hits="0" branch="false"/>
						<line number="127" hits="0" branch="false"/>
						<line number="128" hits="0" branch="false"/>
						<line number="132" hits="0" branch="true" condition-coverage="0% (0/3)">
							<conditions>
								<condition number="0" type="switch" coverage="0%"/>
							</conditions>
						</line>
						<line number="135" hits="0" branch="false"/>
						<line number="138" hits="0" branch="false"/>
						<line number="139" hits="0" branch="true" condition-coverage="0% (0/4)">
							<conditions>
								<condition number="0" type="jump" coverage="0%"/>
								<condition number="1" type="jump" coverage="0%"/>
							</conditions>
						</line>
						<line number="140" hits="0" branch="true" condition-coverage="0% (0/2)">
							<conditions>
								<condition number="0" type="jump" coverage="0%"/>
							</conditions>
						</line>
						<line number="141" hits="0" branch="false"/>
						<line number="143" hits="0" branch="false"/>
						<line number="149" hits="0" branch="true" condition-coverage="0% (0/2)">
							<conditions>
								<condition number="0" type="jump" coverage="0%"/>
							</conditions>
						</line>
						<line number="150" hits="0" branch="false"/>
						<line number="151" hits="0" branch="false"/>
						<line number="152" hits="0" branch="false"/>
						<line number="153" hits="0" branch="false"/>
						<line number="154" hits="0" branch="false"/>
						<line number="156" hits="0" branch="false"/>
						<line number="157" hits="0" branch="false"/>
						<line number="160" hits="0" branch="false"/>
						<line number="161" hits="0" branch="true" condition-coverage="0% (0/2)">
							<conditions>
								<condition number="0" type="jump" coverage="0%"/>
							</conditions>
						</line>
						<line number="162" hits="0" branch="false"/>
						<line number="164" hits="0" branch="false"/>
						<line number="165" hits="0" branch="false"/>
						<line number="166" hits="0" branch="false"/>
						<line number="167" hits="0" branch="false"/>
						<line number="173" hits="0" branch="false"/>
					</lines>
				</class>
				<class name="edu.internet2.middleware.morphString.Encrypt$MaskingThread" filename="edu/internet2/middleware/morphString/Encrypt.java" line-rate="0.0" branch-rate="0.0" complexity="4.333333333333333">
					<methods>
						<method name="&lt;init&gt;" signature="(Ljava/lang/String;)V" line-rate="0.0" branch-rate="1.0">
							<lines>
								<line number="180" hits="0" branch="false"/>
								<line number="185" hits="0" branch="false"/>
								<line number="186" hits="0" branch="false"/>
								<line number="187" hits="0" branch="false"/>
							</lines>
						</method>
						<method name="run" signature="()V" line-rate="0.0" branch-rate="0.0">
							<lines>
								<line number="195" hits="0" branch="false"/>
								<line number="196" hits="0" branch="false"/>
								<line number="199" hits="0" branch="false"/>
								<line number="200" hits="0" branch="true" condition-coverage="0% (0/2)">
									<conditions>
										<condition number="0" type="jump" coverage="0%"/>
									</conditions>
								</line>
								<line number="201" hits="0" branch="false"/>
								<line number="204" hits="0" branch="false"/>
								<line number="205" hits="0" branch="false"/>
								<line number="206" hits="0" branch="false"/>
								<line number="208" hits="0" branch="false"/>
								<line number="211" hits="0" branch="false"/>
								<line number="212" hits="0" branch="false"/>
								<line number="213" hits="0" branch="false"/>
							</lines>
						</method>
						<method name="stopMasking" signature="()V" line-rate="0.0" branch-rate="1.0">
							<lines>
								<line number="219" hits="0" branch="false"/>
								<line number="220" hits="0" branch="false"/>
							</lines>
						</method>
					</methods>
					<lines>
						<line number="180" hits="0" branch="false"/>
						<line number="185" hits="0" branch="false"/>
						<line number="186" hits="0" branch="false"/>
						<line number="187" hits="0" branch="false"/>
						<line number="195" hits="0" branch="false"/>
						<line number="196" hits="0" branch="false"/>
						<line number="199" hits="0" branch="false"/>
						<line number="200" hits="0" branch="true" condition-coverage="0% (0/2)">
							<conditions>
								<condition number="0" type="jump" coverage="0%"/>
							</conditions>
						</line>
						<line number="201" hits="0" branch="false"/>
						<line number="204" hits="0" branch="false"/>
						<line number="205" hits="0" branch="false"/>
						<line number="206" hits="0" branch="false"/>
						<line number="208" hits="0" branch="false"/>
						<line number="211" hits="0" branch="false"/>
						<line number="212" hits="0" branch="false"/>
						<line number="213" hits="0" branch="false"/>
						<line number="219" hits="0" branch="false"/>
						<line number="220" hits="0" branch="false"/>
					</lines>
				</class>
				<class name="edu.internet2.middleware.morphString.Morph" filename="edu/internet2/middleware/morphString/Morph.java" line-rate="0.52" branch-rate="0.25" complexity="2.8">
					<methods>
						<method name="&lt;clinit&gt;" signature="()V" line-rate="1.0" branch-rate="1.0">
							<lines>
								<line number="84" hits="1" branch="false"/>
							</lines>
						</method>
						<method name="&lt;init&gt;" signature="()V" line-rate="0.0" branch-rate="1.0">
							<lines>
								<line number="108" hits="0" branch="false"/>
								<line number="109" hits="0" branch="false"/>
							</lines>
						</method>
						<method name="decrypt" signature="(Ljava/lang/String;)Ljava/lang/String;" line-rate="0.7142857142857143" branch-rate="1.0">
							<lines>
								<line number="53" hits="1" branch="false"/>
								<line number="55" hits="1" branch="false"/>
								<line number="58" hits="1" branch="false"/>
								<line number="59" hits="0" branch="false"/>
								<line number="61" hits="0" branch="false"/>
								<line number="62" hits="1" branch="false"/>
								<line number="63" hits="1" branch="false"/>
							</lines>
						</method>
						<method name="decryptIfFile" signature="(Ljava/lang/String;)Ljava/lang/String;" line-rate="0.0" branch-rate="0.0">
							<lines>
								<line number="74" hits="0" branch="false"/>
								<line number="75" hits="0" branch="false"/>
								<line number="76" hits="0" branch="true" condition-coverage="0% (0/2)">
									<conditions>
										<condition number="0" type="jump" coverage="0%"/>
									</conditions>
								</line>
								<line number="77" hits="0" branch="false"/>
								<line number="78" hits="0" branch="false"/>
								<line number="80" hits="0" branch="false"/>
							</lines>
						</method>
						<method name="encrypt" signature="(Ljava/lang/String;)Ljava/lang/String;" line-rate="1.0" branch-rate="1.0">
							<lines>
								<line number="40" hits="1" branch="false"/>
								<line number="42" hits="1" branch="false"/>
							</lines>
						</method>
						<method name="key" signature="()Ljava/lang/String;" line-rate="0.7142857142857143" branch-rate="0.3333333333333333">
							<lines>
								<line number="90" hits="1" branch="true" condition-coverage="25% (1/4)">
									<conditions>
										<condition number="0" type="jump" coverage="50%"/>
										<condition number="1" type="jump" coverage="0%"/>
									</conditions>
								</line>
								<line number="91" hits="0" branch="false"/>
								<line number="93" hits="1" branch="false"/>
								<line number="95" hits="1" branch="true" condition-coverage="50% (1/2)">
									<conditions>
										<condition number="0" type="jump" coverage="50%"/>
									</conditions>
								</line>
								<line number="96" hits="0" branch="false"/>
								<line number="100" hits="1" branch="false"/>
								<line number="102" hits="1" branch="false"/>
							</lines>
						</method>
					</methods>
					<lines>
						<line number="40" hits="1" branch="false"/>
						<line number="42" hits="1" branch="false"/>
						<line number="53" hits="1" branch="false"/>
						<line number="55" hits="1" branch="false"/>
						<line number="58" hits="1" branch="false"/>
						<line number="59" hits="0" branch="false"/>
						<line number="61" hits="0" branch="false"/>
						<line number="62" hits="1" branch="false"/>
						<line number="63" hits="1" branch="false"/>
						<line number="74" hits="0" branch="false"/>
						<line number="75" hits="0" branch="false"/>
						<line number="76" hits="0" branch="true" condition-coverage="0% (0/2)">
							<conditions>
								<condition number="0" type="jump" coverage="0%"/>
							</conditions>
						</line>
						<line number="77" hits="0" branch="false"/>
						<line number="78" hits="0" branch="false"/>
						<line number="80" hits="0" branch="false"/>
						<line number="84" hits="1" branch="false"/>
						<line number="90" hits="1" branch="true" condition-coverage="25% (1/4)">
							<conditions>
								<condition number="0" type="jump" coverage="50%"/>
								<condition number="1" type="jump" coverage="0%"/>
							</conditions>
						</line>
						<line number="91" hits="0" branch="false"/>
						<line number="93" hits="1" branch="false"/>
						<line number="95" hits="1" branch="true" condition-coverage="50% (1/2)">
							<conditions>
								<condition number="0" type="jump" coverage="50%"/>
							</conditions>
						</line>
						<line number="96" hits="0" branch="false"/>
						<line number="100" hits="1" branch="false"/>
						<line number="102" hits="1" branch="false"/>
						<line number="108" hits="0" branch="false"/>
						<line number="109" hits="0" branch="false"/>
					</lines>
				</class>
				<class name="edu.internet2.middleware.morphString.MorphPropertyFileUtils" filename="edu/internet2/middleware/morphString/MorphPropertyFileUtils.java" line-rate="0.4375" branch-rate="0.35" complexity="5.4">
					<methods>
						<method name="&lt;clinit&gt;" signature="()V" line-rate="1.0" branch-rate="1.0">
							<lines>
								<line number="43" hits="1" branch="false"/>
							</lines>
						</method>
						<method name="&lt;init&gt;" signature="()V" line-rate="0.0" branch-rate="1.0">
							<lines>
								<line number="49" hits="0" branch="false"/>
								<line number="50" hits="0" branch="false"/>
							</lines>
						</method>
						<method name="retrieveProperties" signature="()Ljava/util/Properties;" line-rate="0.75" branch-rate="0.6666666666666666">
							<lines>
								<line number="103" hits="2" branch="true" condition-coverage="100% (2/2)">
									<conditions>
										<condition number="0" type="jump" coverage="100%"/>
									</conditions>
								</line>
								<line number="105" hits="1" branch="false"/>
								<line number="107" hits="1" branch="false"/>
								<line number="109" hits="1" branch="false"/>
								<line number="110" hits="1" branch="true" condition-coverage="50% (1/2)">
									<conditions>
										<condition number="0" type="jump" coverage="50%"/>
									</conditions>
								</line>
								<line number="111" hits="0" branch="false"/>
								<line number="113" hits="1" branch="false"/>
								<line number="114" hits="1" branch="false"/>
								<line number="115" hits="1" branch="false"/>
								<line number="116" hits="0" branch="false"/>
								<line number="117" hits="0" branch="false"/>
								<line number="119" hits="1" branch="true" condition-coverage="50% (1/2)">
									<conditions>
										<condition number="0" type="jump" coverage="50%"/>
									</conditions>
								</line>
								<line number="121" hits="1" branch="false"/>
								<line number="122" hits="0" branch="false"/>
								<line number="124" hits="1" branch="false"/>
								<line number="130" hits="2" branch="false"/>
							</lines>
						</method>
						<method name="retrievePropertiesFromFile" signature="(Ljava/lang/String;)Ljava/util/Properties;" line-rate="0.0" branch-rate="0.0">
							<lines>
								<line number="140" hits="0" branch="false"/>
								<line number="141" hits="0" branch="false"/>
								<line number="144" hits="0" branch="true" condition-coverage="0% (0/2)">
									<conditions>
										<condition number="0" type="jump" coverage="0%"/>
									</conditions>
								</line>
								<line number="145" hits="0" branch="false"/>
								<line number="147" hits="0" branch="false"/>
								<line number="148" hits="0" branch="false"/>
								<line number="149" hits="0" branch="false"/>
								<line number="150" hits="0" branch="false"/>
								<line number="151" hits="0" branch="false"/>
								<line number="152" hits="0" branch="false"/>
								<line number="154" hits="0" branch="true" condition-coverage="0% (0/2)">
									<conditions>
										<condition number="0" type="jump" coverage="0%"/>
									</conditions>
								</line>
								<line number="156" hits="0" branch="false"/>
								<line number="157" hits="0" branch="false"/>
								<line number="159" hits="0" branch="false"/>
								<line number="162" hits="0" branch="false"/>
							</lines>
						</method>
						<method name="retrievePropertyBoolean" signature="(Ljava/lang/String;Z)Z" line-rate="0.3333333333333333" branch-rate="0.125">
							<lines>
								<line number="59" hits="1" branch="false"/>
								<line number="61" hits="1" branch="true" condition-coverage="25% (1/4)">
									<conditions>
										<condition number="0" type="jump" coverage="50%"/>
										<condition number="1" type="jump" coverage="0%"/>
									</conditions>
								</line>
								<line number="62" hits="1" branch="false"/>
								<line number="65" hits="0" branch="true" condition-coverage="0% (0/2)">
									<conditions>
										<condition number="0" type="jump" coverage="0%"/>
									</conditions>
								</line>
								<line number="66" hits="0" branch="false"/>
								<line number="68" hits="0" branch="true" condition-coverage="0% (0/2)">
									<conditions>
										<condition number="0" type="jump" coverage="0%"/>
									</conditions>
								</line>
								<line number="69" hits="0" branch="false"/>
								<line number="72" hits="0" branch="false"/>
								<line number="77" hits="0" branch="false"/>
							</lines>
						</method>
						<method name="retrievePropertyString" signature="(Ljava/lang/String;)Ljava/lang/String;" line-rate="1.0" branch-rate="1.0">
							<lines>
								<line number="86" hits="2" branch="false"/>
								<line number="87" hits="2" branch="false"/>
								<line number="89" hits="2" branch="true" condition-coverage="100% (2/2)">
									<conditions>
										<condition number="0" type="jump" coverage="100%"/>
									</conditions>
								</line>
								<line number="90" hits="1" branch="false"/>
								<line number="92" hits="2" branch="false"/>
							</lines>
						</method>
					</methods>
					<lines>
						<line number="43" hits="1" branch="false"/>
						<line number="49" hits="0" branch="false"/>
						<line number="50" hits="0" branch="false"/>
						<line number="59" hits="1" branch="false"/>
						<line number="61" hits="1" branch="true" condition-coverage="25% (1/4)">
							<conditions>
								<condition number="0" type="jump" coverage="50%"/>
								<condition number="1" type="jump" coverage="0%"/>
							</conditions>
						</line>
						<line number="62" hits="1" branch="false"/>
						<line number="65" hits="0" branch="true" condition-coverage="0% (0/2)">
							<conditions>
								<condition number="0" type="jump" coverage="0%"/>
							</conditions>
						</line>
						<line number="66" hits="0" branch="false"/>
						<line number="68" hits="0" branch="true" condition-coverage="0% (0/2)">
							<conditions>
								<condition number="0" type="jump" coverage="0%"/>
							</conditions>
						</line>
						<line number="69" hits="0" branch="false"/>
						<line number="72" hits="0" branch="false"/>
						<line number="77" hits="0" branch="false"/>
						<line number="86" hits="2" branch="false"/>
						<line number="87" hits="2" branch="false"/>
						<line number="89" hits="2" branch="true" condition-coverage="100% (2/2)">
							<conditions>
								<condition number="0" type="jump" coverage="100%"/>
							</conditions>
						</line>
						<line number="90" hits="1" branch="false"/>
						<line number="92" hits="2" branch="false"/>
						<line number="103" hits="2" branch="true" condition-coverage="100% (2/2)">
							<conditions>
								<condition number="0" type="jump" coverage="100%"/>
							</conditions>
						</line>
						<line number="105" hits="1" branch="false"/>
						<line number="107" hits="1" branch="false"/>
						<line number="109" hits="1" branch="false"/>
						<line number="110" hits="1" branch="true" condition-coverage="50% (1/2)">
							<conditions>
								<condition number="0" type="jump" coverage="50%"/>
							</conditions>
						</line>
						<line number="111" hits="0" branch="false"/>
						<line number="113" hits="1" branch="false"/>
						<line number="114" hits="1" branch="false"/>
						<line number="115" hits="1" branch="false"/>
						<line number="116" hits="0" branch="false"/>
						<line number="117" hits="0" branch="false"/>
						<line number="119" hits="1" branch="true" condition-coverage="50% (1/2)">
							<conditions>
								<condition number="0" type="jump" coverage="50%"/>
							</conditions>
						</line>
						<line number="121" hits="1" branch="false"/>
						<line number="122" hits="0" branch="false"/>
						<line number="124" hits="1" branch="false"/>
						<line number="130" hits="2" branch="false"/>
						<line number="140" hits="0" branch="false"/>
						<line number="141" hits="0" branch="false"/>
						<line number="144" hits="0" branch="true" condition-coverage="0% (0/2)">
							<conditions>
								<condition number="0" type="jump" coverage="0%"/>
							</conditions>
						</line>
						<line number="145" hits="0" branch="false"/>
						<line number="147" hits="0" branch="false"/>
						<line number="148" hits="0" branch="false"/>
						<line number="149" hits="0" branch="false"/>
						<line number="150" hits="0" branch="false"/>
						<line number="151" hits="0" branch="false"/>
						<line number="152" hits="0" branch="false"/>
						<line number="154" hits="0" branch="true" condition-coverage="0% (0/2)">
							<conditions>
								<condition number="0" type="jump" coverage="0%"/>
							</conditions>
						</line>
						<line number="156" hits="0" branch="false"/>
						<line number="157" hits="0" branch="false"/>
						<line number="159" hits="0" branch="false"/>
						<line number="162" hits="0" branch="false"/>
					</lines>
				</class>
				<class name="edu.internet2.middleware.morphString.MorphStringUtils" filename="edu/internet2/middleware/morphString/MorphStringUtils.java" line-rate="0.0323785803237858" branch-rate="0.027985074626865673" complexity="4.828828828828829">
					<methods>
						<method name="&lt;clinit&gt;" signature="()V" line-rate="0.75" branch-rate="1.0">
							<lines>
								<line number="81" hits="1" branch="false"/>
								<line number="137" hits="1" branch="false"/>
								<line number="138" hits="0" branch="false"/>
								<line number="139" hits="0" branch="false"/>
								<line number="140" hits="1" branch="false"/>
								<line number="141" hits="1" branch="false"/>
								<line number="2665" hits="1" branch="false"/>
								<line number="2669" hits="1" branch="false"/>
							</lines>
						</method>
						<method name="&lt;init&gt;" signature="()V" line-rate="0.0" branch-rate="1.0">
							<lines>
								<line number="57" hits="0" branch="false"/>
							</lines>
						</method>
						<method name="addCauseMethodName" signature="(Ljava/lang/String;)V" line-rate="0.0" branch-rate="0.0">
							<lines>
								<line number="169" hits="0" branch="true" condition-coverage="0% (0/4)">
									<conditions>
										<condition number="0" type="jump" coverage="0%"/>
										<condition number="1" type="jump" coverage="0%"/>
									</conditions>
								</line>
								<line number="170" hits="0" branch="false"/>
								<line number="171" hits="0" branch="true" condition-coverage="0% (0/2)">
									<conditions>
										<condition number="0" type="jump" coverage="0%"/>
									</conditions>
								</line>
								<line number="172" hits="0" branch="false"/>
								<line number="175" hits="0" branch="false"/>
							</lines>
						</method>
						<method name="appendSubstring" signature="(Ljava/lang/StringBuffer;Ljava/lang/String;II)Ljava/lang/StringBuffer;" line-rate="0.0" branch-rate="0.0">
							<lines>
								<line number="2427" hits="0" branch="true" condition-coverage="0% (0/2)">
									<conditions>
										<condition number="0" type="jump" coverage="0%"/>
									</conditions>
								</line>
								<line number="2428" hits="0" branch="false"/>
								<line number="2430" hits="0" branch="false"/>
							</lines>
						</method>
						<method name="assertDirExists" signature="(Ljava/lang/String;)V" line-rate="0.0" branch-rate="0.0">
							<lines>
								<line number="2468" hits="0" branch="false"/>
								<line number="2470" hits="0" branch="true" condition-coverage="0% (0/2)">
									<conditions>
										<condition number="0" type="jump" coverage="0%"/>
									</conditions>
								</line>
								<line number="2471" hits="0" branch="true" condition-coverage="0% (0/2)">
									<conditions>
										<condition number="0" type="jump" coverage="0%"/>
									</conditions>
								</line>
								<line number="2472" hits="0" branch="false"/>
								<line number="2475" hits="0" branch="false"/>
							</lines>
						</method>
						<method name="className" signature="(Ljava/lang/Object;)Ljava/lang/String;" line-rate="0.0" branch-rate="0.0">
							<lines>
								<line number="266" hits="0" branch="true" condition-coverage="0% (0/2)">
									<conditions>
										<condition number="0" type="jump" coverage="0%"/>
									</conditions>
								</line>
							</lines>
						</method>
						<method name="closeQuietly" signature="(Ljava/io/InputStream;)V" line-rate="0.0" branch-rate="0.0">
							<lines>
								<line number="1686" hits="0" branch="true" condition-coverage="0% (0/2)">
									<conditions>
										<condition number="0" type="jump" coverage="0%"/>
									</conditions>
								</line>
								<line number="1687" hits="0" branch="false"/>
								<line number="1691" hits="0" branch="false"/>
								<line number="1692" hits="0" branch="false"/>
								<line number="1693" hits="0" branch="false"/>
								<line number="1694" hits="0" branch="false"/>
							</lines>
						</method>
						<method name="closeQuietly" signature="(Ljava/io/OutputStream;)V" line-rate="0.0" branch-rate="0.0">
							<lines>
								<line number="1670" hits="0" branch="true" condition-coverage="0% (0/2)">
									<conditions>
										<condition number="0" type="jump" coverage="0%"/>
									</conditions>
								</line>
								<line number="1671" hits="0" branch="false"/>
								<line number="1675" hits="0" branch="false"/>
								<line number="1676" hits="0" branch="false"/>
								<line number="1677" hits="0" branch="false"/>
								<line number="1678" hits="0" branch="false"/>
							</lines>
						</method>
						<method name="closeQuietly" signature="(Ljava/io/Reader;)V" line-rate="0.0" branch-rate="0.0">
							<lines>
								<line number="1654" hits="0" branch="true" condition-coverage="0% (0/2)">
									<conditions>
										<condition number="0" type="jump" coverage="0%"/>
									</conditions>
								</line>
								<line number="1655" hits="0" branch="false"/>
								<line number="1659" hits="0" branch="false"/>
								<line number="1660" hits="0" branch="false"/>
								<line number="1661" hits="0" branch="false"/>
								<line number="1662" hits="0" branch="false"/>
							</lines>
						</method>
						<method name="closeQuietly" signature="(Ljava/io/Writer;)V" line-rate="0.0" branch-rate="0.0">
							<lines>
								<line number="149" hits="0" branch="true" condition-coverage="0% (0/2)">
									<conditions>
										<condition number="0" type="jump" coverage="0%"/>
									</conditions>
								</line>
								<line number="151" hits="0" branch="false"/>
								<line number="152" hits="0" branch="false"/>
								<line number="154" hits="0" branch="false"/>
								<line number="156" hits="0" branch="false"/>
							</lines>
						</method>
						<method name="collectionLength" signature="(Ljava/util/Collection;)I" line-rate="0.0" branch-rate="0.0">
							<lines>
								<line number="2483" hits="0" branch="true" condition-coverage="0% (0/2)">
									<conditions>
										<condition number="0" type="jump" coverage="0%"/>
									</conditions>
								</line>
								<line number="2484" hits="0" branch="false"/>
								<line number="2486" hits="0" branch="false"/>
							</lines>
						</method>
						<method name="computeUrl" signature="(Ljava/lang/String;Z)Ljava/net/URL;" line-rate="0.0" branch-rate="0.0">
							<lines>
								<line number="2008" hits="0" branch="false"/>
								<line number="2010" hits="0" branch="false"/>
								<line number="2013" hits="0" branch="false"/>
								<line number="2014" hits="0" branch="false"/>
								<line number="2015" hits="0" branch="false"/>
								<line number="2016" hits="0" branch="false"/>
								<line number="2017" hits="0" branch="false"/>
								<line number="2019" hits="0" branch="true" condition-coverage="0% (0/4)">
									<conditions>
										<condition number="0" type="jump" coverage="0%"/>
										<condition number="1" type="jump" coverage="0%"/>
									</conditions>
								</line>
								<line number="2020" hits="0" branch="false"/>
								<line number="2023" hits="0" branch="false"/>
							</lines>
						</method>
						<method name="contains" signature="(Ljava/lang/String;Ljava/lang/String;)Z" line-rate="0.0" branch-rate="0.0">
							<lines>
								<line number="1828" hits="0" branch="true" condition-coverage="0% (0/4)">
									<conditions>
										<condition number="0" type="jump" coverage="0%"/>
										<condition number="1" type="jump" coverage="0%"/>
									</conditions>
								</line>
								<line number="1829" hits="0" branch="false"/>
								<line number="1831" hits="0" branch="true" condition-coverage="0% (0/2)">
									<conditions>
										<condition number="0" type="jump" coverage="0%"/>
									</conditions>
								</line>
							</lines>
						</method>
						<method name="copy" signature="(Ljava/io/InputStream;Ljava/io/Writer;Ljava/lang/String;)V" line-rate="0.0" branch-rate="1.0">
							<lines>
								<line number="1625" hits="0" branch="false"/>
								<line number="1626" hits="0" branch="false"/>
								<line number="1627" hits="0" branch="false"/>
							</lines>
						</method>
						<method name="copy" signature="(Ljava/io/Reader;Ljava/io/Writer;)I" line-rate="0.0" branch-rate="0.0">
							<lines>
								<line number="1637" hits="0" branch="false"/>
								<line number="1638" hits="0" branch="false"/>
								<line number="1639" hits="0" branch="false"/>
								<line number="1640" hits="0" branch="true" condition-coverage="0% (0/2)">
									<conditions>
										<condition number="0" type="jump" coverage="0%"/>
									</conditions>
								</line>
								<line number="1641" hits="0" branch="false"/>
								<line number="1642" hits="0" branch="false"/>
								<line number="1644" hits="0" branch="false"/>
							</lines>
						</method>
						<method name="encodeForUrl" signature="(Ljava/lang/String;)Ljava/lang/String;" line-rate="0.0" branch-rate="1.0">
							<lines>
								<line number="99" hits="0" branch="false"/>
								<line number="100" hits="0" branch="false"/>
								<line number="101" hits="0" branch="false"/>
							</lines>
						</method>
						<method name="equals" signature="(Ljava/lang/String;Ljava/lang/String;)Z" line-rate="0.0" branch-rate="0.0">
							<lines>
								<line number="1433" hits="0" branch="true" condition-coverage="0% (0/4)">
									<conditions>
										<condition number="0" type="jump" coverage="0%"/>
										<condition number="1" type="jump" coverage="0%"/>
									</conditions>
								</line>
							</lines>
						</method>
						<method name="equalsIgnoreCase" signature="(Ljava/lang/String;Ljava/lang/String;)Z" line-rate="0.0" branch-rate="0.0">
							<lines>
								<line number="1457" hits="0" branch="true" condition-coverage="0% (0/4)">
									<conditions>
										<condition number="0" type="jump" coverage="0%"/>
										<condition number="1" type="jump" coverage="0%"/>
									</conditions>
								</line>
							</lines>
						</method>
						<method name="execCommand" signature="(Ljava/lang/String;)Ljava/lang/String;" line-rate="0.0" branch-rate="0.0">
							<lines>
								<line number="2881" hits="0" branch="false"/>
								<line number="2883" hits="0" branch="false"/>
								<line number="2884" hits="0" branch="false"/>
								<line number="2886" hits="0" branch="false"/>
								<line number="2889" hits="0" branch="false"/>
								<line number="2891" hits="0" branch="false"/>
								<line number="2893" hits="0" branch="false"/>
								<line number="2895" hits="0" branch="true" condition-coverage="0% (0/2)">
									<conditions>
										<condition number="0" type="jump" coverage="0%"/>
									</conditions>
								</line>
								<line number="2897" hits="0" branch="false"/>
								<line number="2899" hits="0" branch="false"/>
								<line number="2900" hits="0" branch="false"/>
								<line number="2902" hits="0" branch="false"/>
								<line number="2903" hits="0" branch="true" condition-coverage="0% (0/2)">
									<conditions>
										<condition number="0" type="jump" coverage="0%"/>
									</conditions>
								</line>
								<line number="2904" hits="0" branch="false"/>
								<line number="2906" hits="0" branch="false"/>
								<line number="2907" hits="0" branch="false"/>
								<line number="2908" hits="0" branch="false"/>
								<line number="2909" hits="0" branch="false"/>
								<line number="2911" hits="0" branch="false"/>
								<line number="2912" hits="0" branch="false"/>
							</lines>
						</method>
						<method name="executeMethod" signature="(Ljava/lang/Object;Ljava/lang/String;)Ljava/lang/Object;" line-rate="0.0" branch-rate="1.0">
							<lines>
								<line number="277" hits="0" branch="false"/>
								<line number="278" hits="0" branch="false"/>
								<line number="279" hits="0" branch="false"/>
								<line number="280" hits="0" branch="false"/>
								<line number="281" hits="0" branch="false"/>
							</lines>
						</method>
						<method name="executeMethod" signature="(Ljava/lang/Object;Ljava/lang/String;Ljava/lang/Class;Ljava/lang/Object;)Ljava/lang/Object;" line-rate="0.0" branch-rate="1.0">
							<lines>
								<line number="297" hits="0" branch="false"/>
								<line number="298" hits="0" branch="false"/>
								<line number="300" hits="0" branch="false"/>
								<line number="301" hits="0" branch="false"/>
								<line number="302" hits="0" branch="false"/>
							</lines>
						</method>
						<method name="fastClassLoader" signature="()Ljava/lang/ClassLoader;" line-rate="0.0" branch-rate="1.0">
							<lines>
								<line number="1997" hits="0" branch="false"/>
							</lines>
						</method>
						<method name="fileCanonicalPath" signature="(Ljava/io/File;)Ljava/lang/String;" line-rate="0.0" branch-rate="1.0">
							<lines>
								<line number="2988" hits="0" branch="false"/>
								<line number="2989" hits="0" branch="false"/>
								<line number="2990" hits="0" branch="false"/>
							</lines>
						</method>
						<method name="fileFromResourceNameHelper" signature="(Ljava/lang/String;Ljava/lang/StringBuffer;ZZ)Ljava/io/File;" line-rate="0.0" branch-rate="0.0">
							<lines>
								<line number="1952" hits="0" branch="true" condition-coverage="0% (0/4)">
									<conditions>
										<condition number="0" type="jump" coverage="0%"/>
										<condition number="1" type="jump" coverage="0%"/>
									</conditions>
								</line>
								<line number="1953" hits="0" branch="true" condition-coverage="0% (0/4)">
									<conditions>
										<condition number="0" type="jump" coverage="0%"/>
										<condition number="1" type="jump" coverage="0%"/>
									</conditions>
								</line>
								<line number="1955" hits="0" branch="false"/>
								<line number="1957" hits="0" branch="true" condition-coverage="0% (0/2)">
									<conditions>
										<condition number="0" type="jump" coverage="0%"/>
									</conditions>
								</line>
								<line number="1958" hits="0" branch="true" condition-coverage="0% (0/2)">
									<conditions>
										<condition number="0" type="jump" coverage="0%"/>
									</conditions>
								</line>
								<line number="1959" hits="0" branch="false"/>
								<line number="1963" hits="0" branch="false"/>
								<line number="1966" hits="0" branch="true" condition-coverage="0% (0/2)">
									<conditions>
										<condition number="0" type="jump" coverage="0%"/>
									</conditions>
								</line>
								<line number="1967" hits="0" branch="false"/>
								<line number="1970" hits="0" branch="false"/>
								<line number="1971" hits="0" branch="false"/>
								<line number="1973" hits="0" branch="false"/>
								<line number="1975" hits="0" branch="false"/>
								<line number="1977" hits="0" branch="false"/>
								<line number="1978" hits="0" branch="false"/>
								<line number="1979" hits="0" branch="false"/>
								<line number="1981" hits="0" branch="true" condition-coverage="0% (0/2)">
									<conditions>
										<condition number="0" type="jump" coverage="0%"/>
									</conditions>
								</line>
								<line number="1982" hits="0" branch="true" condition-coverage="0% (0/2)">
									<conditions>
										<condition number="0" type="jump" coverage="0%"/>
									</conditions>
								</line>
								<line number="1983" hits="0" branch="false"/>
								<line number="1986" hits="0" branch="false"/>
								<line number="1989" hits="0" branch="false"/>
							</lines>
						</method>
						<method name="findNextIndexHelper" signature="(ILjava/lang/Object;Ljava/lang/Object;Ljava/util/Iterator;Ljava/util/Iterator;[ZLjava/lang/String;I)J" line-rate="0.0" branch-rate="0.0">
							<lines>
								<line number="2082" hits="0" branch="false"/>
								<line number="2083" hits="0" branch="false"/>
								<line number="2085" hits="0" branch="false"/>
								<line number="2086" hits="0" branch="false"/>
								<line number="2087" hits="0" branch="false"/>
								<line number="2088" hits="0" branch="true" condition-coverage="0% (0/2)">
									<conditions>
										<condition number="0" type="jump" coverage="0%"/>
									</conditions>
								</line>
								<line number="2089" hits="0" branch="false"/>
								<line number="2090" hits="0" branch="false"/>
								<line number="2091" hits="0" branch="true" condition-coverage="0% (0/6)">
									<conditions>
										<condition number="0" type="jump" coverage="0%"/>
										<condition number="1" type="jump" coverage="0%"/>
										<condition number="2" type="jump" coverage="0%"/>
									</conditions>
								</line>
								<line number="2093" hits="0" branch="false"/>
								<line number="2095" hits="0" branch="false"/>
								<line number="2098" hits="0" branch="true" condition-coverage="0% (0/2)">
									<conditions>
										<condition number="0" type="jump" coverage="0%"/>
									</conditions>
								</line>
								<line number="2100" hits="0" branch="true" condition-coverage="0% (0/6)">
									<conditions>
										<condition number="0" type="jump" coverage="0%"/>
										<condition number="1" type="jump" coverage="0%"/>
										<condition number="2" type="jump" coverage="0%"/>
									</conditions>
								</line>
								<line number="2101" hits="0" branch="false"/>
								<line number="2102" hits="0" branch="false"/>
								<line number="2107" hits="0" branch="false"/>
								<line number="2108" hits="0" branch="false"/>
							</lines>
						</method>
						<method name="get" signature="(Ljava/lang/Object;I)Ljava/lang/Object;" line-rate="0.0" branch-rate="0.0">
							<lines>
								<line number="2035" hits="0" branch="true" condition-coverage="0% (0/2)">
									<conditions>
										<condition number="0" type="jump" coverage="0%"/>
									</conditions>
								</line>
								<line number="2036" hits="0" branch="true" condition-coverage="0% (0/2)">
									<conditions>
										<condition number="0" type="jump" coverage="0%"/>
									</conditions>
								</line>
								<line number="2037" hits="0" branch="false"/>
								<line number="2039" hits="0" branch="false"/>
								<line number="2043" hits="0" branch="true" condition-coverage="0% (0/2)">
									<conditions>
										<condition number="0" type="jump" coverage="0%"/>
									</conditions>
								</line>
								<line number="2044" hits="0" branch="false"/>
								<line number="2046" hits="0" branch="true" condition-coverage="0% (0/2)">
									<conditions>
										<condition number="0" type="jump" coverage="0%"/>
									</conditions>
								</line>
								<line number="2047" hits="0" branch="false"/>
								<line number="2048" hits="0" branch="true" condition-coverage="0% (0/2)">
									<conditions>
										<condition number="0" type="jump" coverage="0%"/>
									</conditions>
								</line>
								<line number="2049" hits="0" branch="false"/>
								<line number="2051" hits="0" branch="false"/>
								<line number="2054" hits="0" branch="true" condition-coverage="0% (0/2)">
									<conditions>
										<condition number="0" type="jump" coverage="0%"/>
									</conditions>
								</line>
								<line number="2055" hits="0" branch="false"/>
								<line number="2058" hits="0" branch="true" condition-coverage="0% (0/2)">
									<conditions>
										<condition number="0" type="jump" coverage="0%"/>
									</conditions>
								</line>
								<line number="2059" hits="0" branch="false"/>
								<line number="2062" hits="0" branch="false"/>
							</lines>
						</method>
						<method name="getCause" signature="(Ljava/lang/Throwable;)Ljava/lang/Throwable;" line-rate="0.0" branch-rate="1.0">
							<lines>
								<line number="257" hits="0" branch="false"/>
							</lines>
						</method>
						<method name="getCause" signature="(Ljava/lang/Throwable;[Ljava/lang/String;)Ljava/lang/Throwable;" line-rate="0.0" branch-rate="0.0">
							<lines>
								<line number="326" hits="0" branch="true" condition-coverage="0% (0/2)">
									<conditions>
										<condition number="0" type="jump" coverage="0%"/>
									</conditions>
								</line>
								<line number="327" hits="0" branch="false"/>
								<line number="329" hits="0" branch="false"/>
								<line number="330" hits="0" branch="true" condition-coverage="0% (0/2)">
									<conditions>
										<condition number="0" type="jump" coverage="0%"/>
									</conditions>
								</line>
								<line number="331" hits="0" branch="true" condition-coverage="0% (0/2)">
									<conditions>
										<condition number="0" type="jump" coverage="0%"/>
									</conditions>
								</line>
								<line number="332" hits="0" branch="false"/>
								<line number="334" hits="0" branch="true" condition-coverage="0% (0/2)">
									<conditions>
										<condition number="0" type="jump" coverage="0%"/>
									</conditions>
								</line>
								<line number="335" hits="0" branch="false"/>
								<line number="336" hits="0" branch="true" condition-coverage="0% (0/2)">
									<conditions>
										<condition number="0" type="jump" coverage="0%"/>
									</conditions>
								</line>
								<line number="337" hits="0" branch="false"/>
								<line number="338" hits="0" branch="true" condition-coverage="0% (0/2)">
									<conditions>
										<condition number="0" type="jump" coverage="0%"/>
									</conditions>
								</line>
								<line number="339" hits="0" branch="false"/>
								<line number="344" hits="0" branch="true" condition-coverage="0% (0/2)">
									<conditions>
										<condition number="0" type="jump" coverage="0%"/>
									</conditions>
								</line>
								<line number="345" hits="0" branch="false"/>
								<line number="348" hits="0" branch="false"/>
							</lines>
						</method>
						<method name="getCauseMethodNameList" signature="()Ljava/util/ArrayList;" line-rate="0.0" branch-rate="1.0">
							<lines>
								<line number="210" hits="0" branch="false"/>
							</lines>
						</method>
						<method name="getCauseUsingFieldName" signature="(Ljava/lang/Throwable;Ljava/lang/String;)Ljava/lang/Throwable;" line-rate="0.0" branch-rate="0.0">
							<lines>
								<line number="427" hits="0" branch="false"/>
								<line number="429" hits="0" branch="false"/>
								<line number="430" hits="0" branch="false"/>
								<line number="431" hits="0" branch="false"/>
								<line number="432" hits="0" branch="false"/>
								<line number="434" hits="0" branch="true" condition-coverage="0% (0/4)">
									<conditions>
										<condition number="0" type="jump" coverage="0%"/>
										<condition number="1" type="jump" coverage="0%"/>
									</conditions>
								</line>
								<line number="436" hits="0" branch="false"/>
								<line number="437" hits="0" branch="false"/>
								<line number="438" hits="0" branch="false"/>
								<line number="439" hits="0" branch="false"/>
								<line number="441" hits="0" branch="false"/>
							</lines>
						</method>
						<method name="getCauseUsingMethodName" signature="(Ljava/lang/Throwable;Ljava/lang/String;)Ljava/lang/Throwable;" line-rate="0.0" branch-rate="0.0">
							<lines>
								<line number="401" hits="0" branch="false"/>
								<line number="403" hits="0" branch="false"/>
								<line number="404" hits="0" branch="false"/>
								<line number="405" hits="0" branch="false"/>
								<line number="406" hits="0" branch="false"/>
								<line number="408" hits="0" branch="true" condition-coverage="0% (0/4)">
									<conditions>
										<condition number="0" type="jump" coverage="0%"/>
										<condition number="1" type="jump" coverage="0%"/>
									</conditions>
								</line>
								<line number="410" hits="0" branch="false"/>
								<line number="411" hits="0" branch="false"/>
								<line number="412" hits="0" branch="false"/>
								<line number="413" hits="0" branch="false"/>
								<line number="414" hits="0" branch="false"/>
								<line number="416" hits="0" branch="false"/>
							</lines>
						</method>
						<method name="getCauseUsingWellKnownTypes" signature="(Ljava/lang/Throwable;)Ljava/lang/Throwable;" line-rate="0.0" branch-rate="0.0">
							<lines>
								<line number="384" hits="0" branch="true" condition-coverage="0% (0/2)">
									<conditions>
										<condition number="0" type="jump" coverage="0%"/>
									</conditions>
								</line>
								<line number="385" hits="0" branch="false"/>
								<line number="386" hits="0" branch="true" condition-coverage="0% (0/2)">
									<conditions>
										<condition number="0" type="jump" coverage="0%"/>
									</conditions>
								</line>
								<line number="387" hits="0" branch="false"/>
								<line number="389" hits="0" branch="false"/>
							</lines>
						</method>
						<method name="getFullStackTrace" signature="(Ljava/lang/Throwable;)Ljava/lang/String;" line-rate="0.0" branch-rate="0.0">
							<lines>
								<line number="1241" hits="0" branch="false"/>
								<line number="1242" hits="0" branch="false"/>
								<line number="1243" hits="0" branch="false"/>
								<line number="1244" hits="0" branch="true" condition-coverage="0% (0/2)">
									<conditions>
										<condition number="0" type="jump" coverage="0%"/>
									</conditions>
								</line>
								<line number="1245" hits="0" branch="false"/>
								<line number="1246" hits="0" branch="true" condition-coverage="0% (0/2)">
									<conditions>
										<condition number="0" type="jump" coverage="0%"/>
									</conditions>
								</line>
								<line number="1247" hits="0" branch="false"/>
								<line number="1250" hits="0" branch="false"/>
							</lines>
						</method>
						<method name="getRootCause" signature="(Ljava/lang/Throwable;)Ljava/lang/Throwable;" line-rate="0.0" branch-rate="0.0">
							<lines>
								<line number="363" hits="0" branch="false"/>
								<line number="364" hits="0" branch="true" condition-coverage="0% (0/2)">
									<conditions>
										<condition number="0" type="jump" coverage="0%"/>
									</conditions>
								</line>
								<line number="365" hits="0" branch="false"/>
								<line number="366" hits="0" branch="true" condition-coverage="0% (0/2)">
									<conditions>
										<condition number="0" type="jump" coverage="0%"/>
									</conditions>
								</line>
								<line number="367" hits="0" branch="false"/>
								<line number="370" hits="0" branch="false"/>
							</lines>
						</method>
						<method name="getRootCauseStackTrace" signature="(Ljava/lang/Throwable;)[Ljava/lang/String;" line-rate="0.0" branch-rate="0.0">
							<lines>
								<line number="1166" hits="0" branch="true" condition-coverage="0% (0/2)">
									<conditions>
										<condition number="0" type="jump" coverage="0%"/>
									</conditions>
								</line>
								<line number="1167" hits="0" branch="false"/>
								<line number="1169" hits="0" branch="false"/>
								<line number="1170" hits="0" branch="false"/>
								<line number="1171" hits="0" branch="false"/>
								<line number="1172" hits="0" branch="false"/>
								<line number="1173" hits="0" branch="true" condition-coverage="0% (0/2)">
									<conditions>
										<condition number="0" type="jump" coverage="0%"/>
									</conditions>
								</line>
								<line number="1174" hits="0" branch="false"/>
								<line number="1175" hits="0" branch="true" condition-coverage="0% (0/2)">
									<conditions>
										<condition number="0" type="jump" coverage="0%"/>
									</conditions>
								</line>
								<line number="1176" hits="0" branch="false"/>
								<line number="1177" hits="0" branch="false"/>
								<line number="1179" hits="0" branch="true" condition-coverage="0% (0/2)">
									<conditions>
										<condition number="0" type="jump" coverage="0%"/>
									</conditions>
								</line>
								<line number="1180" hits="0" branch="false"/>
								<line number="1182" hits="0" branch="false"/>
								<line number="1184" hits="0" branch="true" condition-coverage="0% (0/2)">
									<conditions>
										<condition number="0" type="jump" coverage="0%"/>
									</conditions>
								</line>
								<line number="1185" hits="0" branch="false"/>
								<line number="1187" hits="0" branch="false"/>
								<line number="1188" hits="0" branch="false"/>
							</lines>
						</method>
						<method name="getStackFrameList" signature="(Ljava/lang/Throwable;)Ljava/util/List;" line-rate="0.0" branch-rate="0.0">
							<lines>
								<line number="1303" hits="0" branch="false"/>
								<line number="1304" hits="0" branch="false"/>
								<line number="1305" hits="0" branch="false"/>
								<line number="1306" hits="0" branch="false"/>
								<line number="1307" hits="0" branch="false"/>
								<line number="1308" hits="0" branch="true" condition-coverage="0% (0/2)">
									<conditions>
										<condition number="0" type="jump" coverage="0%"/>
									</conditions>
								</line>
								<line number="1309" hits="0" branch="false"/>
								<line number="1311" hits="0" branch="false"/>
								<line number="1312" hits="0" branch="true" condition-coverage="0% (0/4)">
									<conditions>
										<condition number="0" type="jump" coverage="0%"/>
										<condition number="1" type="jump" coverage="0%"/>
									</conditions>
								</line>
								<line number="1313" hits="0" branch="false"/>
								<line number="1314" hits="0" branch="false"/>
								<line number="1315" hits="0" branch="true" condition-coverage="0% (0/2)">
									<conditions>
										<condition number="0" type="jump" coverage="0%"/>
									</conditions>
								</line>
								<line number="1316" hits="0" branch="false"/>
								<line number="1318" hits="0" branch="false"/>
								<line number="1319" hits="0" branch="false"/>
							</lines>
						</method>
						<method name="getStackFrames" signature="(Ljava/lang/String;)[Ljava/lang/String;" line-rate="0.0" branch-rate="0.0">
							<lines>
								<line number="1281" hits="0" branch="false"/>
								<line number="1282" hits="0" branch="false"/>
								<line number="1283" hits="0" branch="false"/>
								<line number="1284" hits="0" branch="true" condition-coverage="0% (0/2)">
									<conditions>
										<condition number="0" type="jump" coverage="0%"/>
									</conditions>
								</line>
								<line number="1285" hits="0" branch="false"/>
								<line number="1287" hits="0" branch="false"/>
							</lines>
						</method>
						<method name="getStackFrames" signature="(Ljava/lang/Throwable;)[Ljava/lang/String;" line-rate="0.0" branch-rate="0.0">
							<lines>
								<line number="1263" hits="0" branch="true" condition-coverage="0% (0/2)">
									<conditions>
										<condition number="0" type="jump" coverage="0%"/>
									</conditions>
								</line>
								<line number="1264" hits="0" branch="false"/>
								<line number="1266" hits="0" branch="false"/>
							</lines>
						</method>
						<method name="getStackTrace" signature="(Ljava/lang/Throwable;)Ljava/lang/String;" line-rate="0.0" branch-rate="1.0">
							<lines>
								<line number="1227" hits="0" branch="false"/>
								<line number="1228" hits="0" branch="false"/>
								<line number="1229" hits="0" branch="false"/>
								<line number="1230" hits="0" branch="false"/>
							</lines>
						</method>
						<method name="getSystemProperty" signature="(Ljava/lang/String;)Ljava/lang/String;" line-rate="0.0" branch-rate="1.0">
							<lines>
								<line number="1334" hits="0" branch="false"/>
								<line number="1335" hits="0" branch="false"/>
								<line number="1337" hits="0" branch="false"/>
								<line number="1339" hits="0" branch="false"/>
							</lines>
						</method>
						<method name="getThrowableCount" signature="(Ljava/lang/Throwable;)I" line-rate="0.0" branch-rate="0.0">
							<lines>
								<line number="516" hits="0" branch="false"/>
								<line number="517" hits="0" branch="true" condition-coverage="0% (0/2)">
									<conditions>
										<condition number="0" type="jump" coverage="0%"/>
									</conditions>
								</line>
								<line number="518" hits="0" branch="false"/>
								<line number="519" hits="0" branch="false"/>
								<line number="521" hits="0" branch="false"/>
							</lines>
						</method>
						<method name="getThrowables" signature="(Ljava/lang/Throwable;)[Ljava/lang/Throwable;" line-rate="0.0" branch-rate="0.0">
							<lines>
								<line number="539" hits="0" branch="false"/>
								<line number="540" hits="0" branch="true" condition-coverage="0% (0/2)">
									<conditions>
										<condition number="0" type="jump" coverage="0%"/>
									</conditions>
								</line>
								<line number="541" hits="0" branch="false"/>
								<line number="542" hits="0" branch="false"/>
								<line number="544" hits="0" branch="false"/>
							</lines>
						</method>
						<method name="growArrayOrList" signature="(Ljava/lang/Object;I)Ljava/lang/Object;" line-rate="0.0" branch-rate="0.0">
							<lines>
								<line number="2501" hits="0" branch="true" condition-coverage="0% (0/2)">
									<conditions>
										<condition number="0" type="jump" coverage="0%"/>
									</conditions>
								</line>
								<line number="2502" hits="0" branch="false"/>
								<line number="2506" hits="0" branch="false"/>
								<line number="2508" hits="0" branch="true" condition-coverage="0% (0/2)">
									<conditions>
										<condition number="0" type="jump" coverage="0%"/>
									</conditions>
								</line>
								<line number="2509" hits="0" branch="false"/>
								<line number="2512" hits="0" branch="true" condition-coverage="0% (0/4)">
									<conditions>
										<condition number="0" type="jump" coverage="0%"/>
										<condition number="1" type="jump" coverage="0%"/>
									</conditions>
								</line>
								<line number="2513" hits="0" branch="false"/>
								<line number="2518" hits="0" branch="false"/>
								<line number="2521" hits="0" branch="true" condition-coverage="0% (0/2)">
									<conditions>
										<condition number="0" type="jump" coverage="0%"/>
									</conditions>
								</line>
								<line number="2522" hits="0" branch="false"/>
								<line number="2524" hits="0" branch="false"/>
								<line number="2525" hits="0" branch="true" condition-coverage="0% (0/2)">
									<conditions>
										<condition number="0" type="jump" coverage="0%"/>
									</conditions>
								</line>
								<line number="2526" hits="0" branch="false"/>
								<line number="2530" hits="0" branch="true" condition-coverage="0% (0/2)">
									<conditions>
										<condition number="0" type="jump" coverage="0%"/>
									</conditions>
								</line>
								<line number="2533" hits="0" branch="true" condition-coverage="0% (0/2)">
									<conditions>
										<condition number="0" type="jump" coverage="0%"/>
									</conditions>
								</line>
								<line number="2534" hits="0" branch="false"/>
								<line number="2536" hits="0" branch="false"/>
								<line number="2537" hits="0" branch="false"/>
								<line number="2538" hits="0" branch="true" condition-coverage="0% (0/2)">
									<conditions>
										<condition number="0" type="jump" coverage="0%"/>
									</conditions>
								</line>
								<line number="2539" hits="0" branch="false"/>
								<line number="2543" hits="0" branch="false"/>
							</lines>
						</method>
						<method name="hasWhitespace" signature="(Ljava/lang/String;)Z" line-rate="0.0" branch-rate="0.0">
							<lines>
								<line number="1794" hits="0" branch="true" condition-coverage="0% (0/2)">
									<conditions>
										<condition number="0" type="jump" coverage="0%"/>
									</conditions>
								</line>
								<line number="1795" hits="0" branch="false"/>
								<line number="1797" hits="0" branch="false"/>
								<line number="1798" hits="0" branch="true" condition-coverage="0% (0/2)">
									<conditions>
										<condition number="0" type="jump" coverage="0%"/>
									</conditions>
								</line>
								<line number="1799" hits="0" branch="true" condition-coverage="0% (0/2)">
									<conditions>
										<condition number="0" type="jump" coverage="0%"/>
									</conditions>
								</line>
								<line number="1800" hits="0" branch="false"/>
								<line number="1803" hits="0" branch="false"/>
							</lines>
						</method>
						<method name="indexOf" signature="(Ljava/lang/Throwable;Ljava/lang/Class;IZ)I" line-rate="0.0" branch-rate="0.0">
							<lines>
								<line number="644" hits="0" branch="true" condition-coverage="0% (0/4)">
									<conditions>
										<condition number="0" type="jump" coverage="0%"/>
										<condition number="1" type="jump" coverage="0%"/>
									</conditions>
								</line>
								<line number="645" hits="0" branch="false"/>
								<line number="647" hits="0" branch="true" condition-coverage="0% (0/2)">
									<conditions>
										<condition number="0" type="jump" coverage="0%"/>
									</conditions>
								</line>
								<line number="648" hits="0" branch="false"/>
								<line number="650" hits="0" branch="false"/>
								<line number="651" hits="0" branch="true" condition-coverage="0% (0/2)">
									<conditions>
										<condition number="0" type="jump" coverage="0%"/>
									</conditions>
								</line>
								<line number="652" hits="0" branch="false"/>
								<line number="654" hits="0" branch="true" condition-coverage="0% (0/2)">
									<conditions>
										<condition number="0" type="jump" coverage="0%"/>
									</conditions>
								</line>
								<line number="655" hits="0" branch="true" condition-coverage="0% (0/2)">
									<conditions>
										<condition number="0" type="jump" coverage="0%"/>
									</conditions>
								</line>
								<line number="656" hits="0" branch="true" condition-coverage="0% (0/2)">
									<conditions>
										<condition number="0" type="jump" coverage="0%"/>
									</conditions>
								</line>
								<line number="657" hits="0" branch="false"/>
								<line number="661" hits="0" branch="true" condition-coverage="0% (0/2)">
									<conditions>
										<condition number="0" type="jump" coverage="0%"/>
									</conditions>
								</line>
								<line number="662" hits="0" branch="true" condition-coverage="0% (0/2)">
									<conditions>
										<condition number="0" type="jump" coverage="0%"/>
									</conditions>
								</line>
								<line number="663" hits="0" branch="false"/>
								<line number="667" hits="0" branch="false"/>
							</lines>
						</method>
						<method name="indexOf" signature="([Ljava/lang/Object;Ljava/lang/Object;)I" line-rate="0.0" branch-rate="1.0">
							<lines>
								<line number="1372" hits="0" branch="false"/>
							</lines>
						</method>
						<method name="indexOf" signature="([Ljava/lang/Object;Ljava/lang/Object;I)I" line-rate="0.0" branch-rate="0.0">
							<lines>
[...]
									</conditions>
								</line>
								<line number="270" hits="0" branch="false"/>
								<line number="273" hits="1" branch="false"/>
								<line number="275" hits="1" branch="false"/>
								<line number="277" hits="1" branch="false"/>
								<line number="278" hits="1" branch="false"/>
								<line number="279" hits="1" branch="false"/>
								<line number="280" hits="1" branch="false"/>
								<line number="281" hits="1" branch="false"/>
								<line number="284" hits="6" branch="true" condition-coverage="100% (2/2)">
									<conditions>
										<condition number="0" type="jump" coverage="100%"/>
									</conditions>
								</line>
								<line number="285" hits="5" branch="false"/>
								<line number="286" hits="5" branch="false"/>
								<line number="287" hits="5" branch="false"/>
								<line number="288" hits="5" branch="false"/>
								<line number="292" hits="5" branch="false"/>
								<line number="293" hits="5" branch="false"/>
								<line number="295" hits="5" branch="true" condition-coverage="100% (2/2)">
									<conditions>
										<condition number="0" type="jump" coverage="100%"/>
									</conditions>
								</line>
								<line number="297" hits="5" branch="true" condition-coverage="100% (2/2)">
									<conditions>
										<condition number="0" type="jump" coverage="100%"/>
									</conditions>
								</line>
								<line number="299" hits="5" branch="true" condition-coverage="100% (2/2)">
									<conditions>
										<condition number="0" type="jump" coverage="100%"/>
									</conditions>
								</line>
								<line number="302" hits="5" branch="false"/>
								<line number="306" hits="5" branch="false"/>
								<line number="308" hits="5" branch="false"/>
								<line number="310" hits="5" branch="false"/>
								<line number="312" hits="5" branch="false"/>
								<line number="315" hits="5" branch="true" condition-coverage="50% (1/2)">
									<conditions>
										<condition number="0" type="jump" coverage="50%"/>
									</conditions>
								</line>
								<line number="317" hits="0" branch="true" condition-coverage="0% (0/2)">
									<conditions>
										<condition number="0" type="jump" coverage="0%"/>
									</conditions>
								</line>
								<line number="318" hits="0" branch="false"/>
								<line number="324" hits="0" branch="false"/>
								<line number="325" hits="0" branch="false"/>
								<line number="328" hits="0" branch="false"/>
								<line number="334" hits="1" branch="false"/>
								<line number="336" hits="1" branch="true" condition-coverage="50% (1/2)">
									<conditions>
										<condition number="0" type="jump" coverage="50%"/>
									</conditions>
								</line>
								<line number="337" hits="1" branch="false"/>
								<line number="338" hits="1" branch="false"/>
								<line number="341" hits="1" branch="true" condition-coverage="50% (1/2)">
									<conditions>
										<condition number="0" type="jump" coverage="50%"/>
									</conditions>
								</line>
								<line number="343" hits="1" branch="false"/>
								<line number="344" hits="1" branch="false"/>
								<line number="345" hits="1" branch="false"/>
								<line number="346" hits="1" branch="false"/>
								<line number="347" hits="1" branch="true" condition-coverage="0% (0/2)">
									<conditions>
										<condition number="0" type="jump" coverage="0%"/>
									</conditions>
								</line>
								<line number="349" hits="0" branch="false"/>
								<line number="350" hits="0" branch="false"/>
								<line number="351" hits="0" branch="false"/>
								<line number="352" hits="0" branch="false"/>
								<line number="354" hits="0" branch="true" condition-coverage="0% (0/2)">
									<conditions>
										<condition number="0" type="jump" coverage="0%"/>
									</conditions>
								</line>
								<line number="356" hits="0" branch="true" condition-coverage="0% (0/2)">
									<conditions>
										<condition number="0" type="jump" coverage="0%"/>
									</conditions>
								</line>
								<line number="359" hits="0" branch="false"/>
								<line number="360" hits="0" branch="false"/>
								<line number="362" hits="0" branch="false"/>
								<line number="363" hits="0" branch="false"/>
								<line number="366" hits="1" branch="true" condition-coverage="50% (1/2)">
									<conditions>
										<condition number="0" type="jump" coverage="50%"/>
									</conditions>
								</line>
								<line number="368" hits="0" branch="true" condition-coverage="0% (0/2)">
									<conditions>
										<condition number="0" type="jump" coverage="0%"/>
									</conditions>
								</line>
								<line number="369" hits="0" branch="false"/>
								<line number="378" hits="1" branch="false"/>
							</lines>
						</method>
						<method name="encodeBase64Chunked" signature="([B)[B" line-rate="0.0" branch-rate="1.0">
							<lines>
								<line number="204" hits="0" branch="false"/>
							</lines>
						</method>
						<method name="isArrayByteBase64" signature="([B)Z" line-rate="0.0" branch-rate="0.0">
							<lines>
								<line number="169" hits="0" branch="false"/>
								<line number="171" hits="0" branch="false"/>
								<line number="172" hits="0" branch="true" condition-coverage="0% (0/2)">
									<conditions>
										<condition number="0" type="jump" coverage="0%"/>
									</conditions>
								</line>
								<line number="175" hits="0" branch="false"/>
								<line number="177" hits="0" branch="true" condition-coverage="0% (0/2)">
									<conditions>
										<condition number="0" type="jump" coverage="0%"/>
									</conditions>
								</line>
								<line number="178" hits="0" branch="true" condition-coverage="0% (0/2)">
									<conditions>
										<condition number="0" type="jump" coverage="0%"/>
									</conditions>
								</line>
								<line number="179" hits="0" branch="false"/>
								<line number="182" hits="0" branch="false"/>
							</lines>
						</method>
						<method name="isBase64" signature="(B)Z" line-rate="0.8" branch-rate="0.75">
							<lines>
								<line number="150" hits="24" branch="true" condition-coverage="100% (2/2)">
									<conditions>
										<condition number="0" type="jump" coverage="100%"/>
									</conditions>
								</line>
								<line number="151" hits="2" branch="false"/>
								<line number="152" hits="22" branch="true" condition-coverage="50% (1/2)">
									<conditions>
										<condition number="0" type="jump" coverage="50%"/>
									</conditions>
								</line>
								<line number="153" hits="0" branch="false"/>
								<line number="155" hits="22" branch="false"/>
							</lines>
						</method>
					</methods>
					<lines>
						<line number="51" hits="0" branch="false"/>
						<line number="68" hits="1" branch="false"/>
						<line number="112" hits="1" branch="false"/>
						<line number="113" hits="1" branch="false"/>
						<line number="117" hits="256" branch="false"/>
						<line number="118" hits="255" branch="false"/>
						<line number="120" hits="27" branch="false"/>
						<line number="121" hits="26" branch="false"/>
						<line number="123" hits="27" branch="false"/>
						<line number="124" hits="26" branch="false"/>
						<line number="126" hits="11" branch="false"/>
						<line number="127" hits="10" branch="false"/>
						<line number="130" hits="1" branch="false"/>
						<line number="131" hits="1" branch="false"/>
						<line number="133" hits="27" branch="false"/>
						<line number="134" hits="26" branch="false"/>
						<line number="137" hits="27" branch="false"/>
						<line number="138" hits="26" branch="false"/>
						<line number="141" hits="11" branch="false"/>
						<line number="142" hits="10" branch="false"/>
						<line number="145" hits="1" branch="false"/>
						<line number="146" hits="1" branch="false"/>
						<line number="147" hits="1" branch="false"/>
						<line number="150" hits="24" branch="true" condition-coverage="100% (2/2)">
							<conditions>
								<condition number="0" type="jump" coverage="100%"/>
							</conditions>
						</line>
						<line number="151" hits="2" branch="false"/>
						<line number="152" hits="22" branch="true" condition-coverage="50% (1/2)">
							<conditions>
								<condition number="0" type="jump" coverage="50%"/>
							</conditions>
						</line>
						<line number="153" hits="0" branch="false"/>
						<line number="155" hits="22" branch="false"/>
						<line number="169" hits="0" branch="false"/>
						<line number="171" hits="0" branch="false"/>
						<line number="172" hits="0" branch="true" condition-coverage="0% (0/2)">
							<conditions>
								<condition number="0" type="jump" coverage="0%"/>
							</conditions>
						</line>
						<line number="175" hits="0" branch="false"/>
						<line number="177" hits="0" branch="true" condition-coverage="0% (0/2)">
							<conditions>
								<condition number="0" type="jump" coverage="0%"/>
							</conditions>
						</line>
						<line number="178" hits="0" branch="true" condition-coverage="0% (0/2)">
							<conditions>
								<condition number="0" type="jump" coverage="0%"/>
							</conditions>
						</line>
						<line number="179" hits="0" branch="false"/>
						<line number="182" hits="0" branch="false"/>
						<line number="193" hits="1" branch="false"/>
						<line number="204" hits="0" branch="false"/>
						<line number="221" hits="0" branch="true" condition-coverage="0% (0/2)">
							<conditions>
								<condition number="0" type="jump" coverage="0%"/>
							</conditions>
						</line>
						<line number="222" hits="0" branch="false"/>
						<line number="224" hits="0" branch="false"/>
						<line number="235" hits="0" branch="false"/>
						<line number="248" hits="1" branch="false"/>
						<line number="249" hits="1" branch="false"/>
						<line number="250" hits="1" branch="false"/>
						<line number="251" hits="1" branch="false"/>
						<line number="252" hits="1" branch="false"/>
						<line number="253" hits="1" branch="false"/>
						<line number="255" hits="1" branch="true" condition-coverage="50% (1/2)">
							<conditions>
								<condition number="0" type="jump" coverage="50%"/>
							</conditions>
						</line>
						<line number="257" hits="1" branch="false"/>
						<line number="260" hits="0" branch="false"/>
						<line number="266" hits="1" branch="true" condition-coverage="50% (1/2)">
							<conditions>
								<condition number="0" type="jump" coverage="50%"/>
							</conditions>
						</line>
						<line number="268" hits="0" branch="true" condition-coverage="0% (0/2)">
							<conditions>
								<condition number="0" type="jump" coverage="0%"/>
							</conditions>
						</line>
						<line number="270" hits="0" branch="false"/>
						<line number="273" hits="1" branch="false"/>
						<line number="275" hits="1" branch="false"/>
						<line number="277" hits="1" branch="false"/>
						<line number="278" hits="1" branch="false"/>
						<line number="279" hits="1" branch="false"/>
						<line number="280" hits="1" branch="false"/>
						<line number="281" hits="1" branch="false"/>
						<line number="284" hits="6" branch="true" condition-coverage="100% (2/2)">
							<conditions>
								<condition number="0" type="jump" coverage="100%"/>
							</conditions>
						</line>
						<line number="285" hits="5" branch="false"/>
						<line number="286" hits="5" branch="false"/>
						<line number="287" hits="5" branch="false"/>
						<line number="288" hits="5" branch="false"/>
						<line number="292" hits="5" branch="false"/>
						<line number="293" hits="5" branch="false"/>
						<line number="295" hits="5" branch="true" condition-coverage="100% (2/2)">
							<conditions>
								<condition number="0" type="jump" coverage="100%"/>
							</conditions>
						</line>
						<line number="297" hits="5" branch="true" condition-coverage="100% (2/2)">
							<conditions>
								<condition number="0" type="jump" coverage="100%"/>
							</conditions>
						</line>
						<line number="299" hits="5" branch="true" condition-coverage="100% (2/2)">
							<conditions>
								<condition number="0" type="jump" coverage="100%"/>
							</conditions>
						</line>
						<line number="302" hits="5" branch="false"/>
						<line number="306" hits="5" branch="false"/>
						<line number="308" hits="5" branch="false"/>
						<line number="310" hits="5" branch="false"/>
						<line number="312" hits="5" branch="false"/>
						<line number="315" hits="5" branch="true" condition-coverage="50% (1/2)">
							<conditions>
								<condition number="0" type="jump" coverage="50%"/>
							</conditions>
						</line>
						<line number="317" hits="0" branch="true" condition-coverage="0% (0/2)">
							<conditions>
								<condition number="0" type="jump" coverage="0%"/>
							</conditions>
						</line>
						<line number="318" hits="0" branch="false"/>
						<line number="324" hits="0" branch="false"/>
						<line number="325" hits="0" branch="false"/>
						<line number="328" hits="0" branch="false"/>
						<line number="334" hits="1" branch="false"/>
						<line number="336" hits="1" branch="true" condition-coverage="50% (1/2)">
							<conditions>
								<condition number="0" type="jump" coverage="50%"/>
							</conditions>
						</line>
						<line number="337" hits="1" branch="false"/>
						<line number="338" hits="1" branch="false"/>
						<line number="341" hits="1" branch="true" condition-coverage="50% (1/2)">
							<conditions>
								<condition number="0" type="jump" coverage="50%"/>
							</conditions>
						</line>
						<line number="343" hits="1" branch="false"/>
						<line number="344" hits="1" branch="false"/>
						<line number="345" hits="1" branch="false"/>
						<line number="346" hits="1" branch="false"/>
						<line number="347" hits="1" branch="true" condition-coverage="0% (0/2)">
							<conditions>
								<condition number="0" type="jump" coverage="0%"/>
							</conditions>
						</line>
						<line number="349" hits="0" branch="false"/>
						<line number="350" hits="0" branch="false"/>
						<line number="351" hits="0" branch="false"/>
						<line number="352" hits="0" branch="false"/>
						<line number="354" hits="0" branch="true" condition-coverage="0% (0/2)">
							<conditions>
								<condition number="0" type="jump" coverage="0%"/>
							</conditions>
						</line>
						<line number="356" hits="0" branch="true" condition-coverage="0% (0/2)">
							<conditions>
								<condition number="0" type="jump" coverage="0%"/>
							</conditions>
						</line>
						<line number="359" hits="0" branch="false"/>
						<line number="360" hits="0" branch="false"/>
						<line number="362" hits="0" branch="false"/>
						<line number="363" hits="0" branch="false"/>
						<line number="366" hits="1" branch="true" condition-coverage="50% (1/2)">
							<conditions>
								<condition number="0" type="jump" coverage="50%"/>
							</conditions>
						</line>
						<line number="368" hits="0" branch="true" condition-coverage="0% (0/2)">
							<conditions>
								<condition number="0" type="jump" coverage="0%"/>
							</conditions>
						</line>
						<line number="369" hits="0" branch="false"/>
						<line number="378" hits="1" branch="false"/>
						<line number="389" hits="1" branch="false"/>
						<line number="392" hits="1" branch="true" condition-coverage="50% (1/2)">
							<conditions>
								<condition number="0" type="jump" coverage="50%"/>
							</conditions>
						</line>
						<line number="393" hits="0" branch="false"/>
						<line number="396" hits="1" branch="false"/>
						<line number="397" hits="1" branch="false"/>
						<line number="398" hits="1" branch="false"/>
						<line number="402" hits="1" branch="false"/>
						<line number="403" hits="1" branch="false"/>
						<line number="406" hits="1" branch="false"/>
						<line number="408" hits="3" branch="true" condition-coverage="100% (2/2)">
							<conditions>
								<condition number="0" type="jump" coverage="100%"/>
							</conditions>
						</line>
						<line number="409" hits="2" branch="true" condition-coverage="50% (1/2)">
							<conditions>
								<condition number="0" type="jump" coverage="50%"/>
							</conditions>
						</line>
						<line number="410" hits="0" branch="false"/>
						<line number="413" hits="1" branch="false"/>
						<line number="416" hits="7" branch="true" condition-coverage="100% (2/2)">
							<conditions>
								<condition number="0" type="jump" coverage="100%"/>
							</conditions>
						</line>
						<line number="417" hits="6" branch="false"/>
						<line number="418" hits="6" branch="false"/>
						<line number="419" hits="6" branch="false"/>
						<line number="421" hits="6" branch="false"/>
						<line number="422" hits="6" branch="false"/>
						<line number="424" hits="6" branch="true" condition-coverage="75% (3/4)">
							<conditions>
								<condition number="0" type="jump" coverage="100%"/>
								<condition number="1" type="jump" coverage="50%"/>
							</conditions>
						</line>
						<line number="426" hits="5" branch="false"/>
						<line number="427" hits="5" branch="false"/>
						<line number="429" hits="5" branch="false"/>
						<line number="430" hits="5" branch="false"/>
						<line number="432" hits="5" branch="false"/>
						<line number="433" hits="1" branch="true" condition-coverage="50% (1/2)">
							<conditions>
								<condition number="0" type="jump" coverage="50%"/>
							</conditions>
						</line>
						<line number="435" hits="1" branch="false"/>
						<line number="436" hits="0" branch="true" condition-coverage="0% (0/2)">
							<conditions>
								<condition number="0" type="jump" coverage="0%"/>
							</conditions>
						</line>
						<line number="438" hits="0" branch="false"/>
						<line number="440" hits="0" branch="false"/>
						<line number="441" hits="0" branch="false"/>
						<line number="444" hits="6" branch="false"/>
						<line number="446" hits="1" branch="false"/>
						<line number="457" hits="0" branch="false"/>
						<line number="458" hits="0" branch="false"/>
						<line number="460" hits="0" branch="true" condition-coverage="0% (0/2)">
							<conditions>
								<condition number="0" type="jump" coverage="0%"/>
							</conditions>
						</line>
						<line number="461" hits="0" branch="true" condition-coverage="0% (0/2)">
							<conditions>
								<condition number="0" type="switch" coverage="0%"/>
							</conditions>
						</line>
						<line number="466" hits="0" branch="false"/>
						<line number="468" hits="0" branch="false"/>
						<line number="472" hits="0" branch="false"/>
						<line number="474" hits="0" branch="false"/>
						<line number="476" hits="0" branch="false"/>
						<line number="489" hits="1" branch="false"/>
						<line number="490" hits="1" branch="false"/>
						<line number="492" hits="25" branch="true" condition-coverage="100% (2/2)">
							<conditions>
								<condition number="0" type="jump" coverage="100%"/>
							</conditions>
						</line>
						<line number="493" hits="24" branch="true" condition-coverage="50% (1/2)">
							<conditions>
								<condition number="0" type="jump" coverage="50%"/>
							</conditions>
						</line>
						<line number="494" hits="24" branch="false"/>
						<line number="498" hits="1" branch="false"/>
						<line number="500" hits="1" branch="false"/>
						<line number="502" hits="1" branch="false"/>
						<line number="521" hits="0" branch="true" condition-coverage="0% (0/2)">
							<conditions>
								<condition number="0" type="jump" coverage="0%"/>
							</conditions>
						</line>
						<line number="522" hits="0" branch="false"/>
						<line number="525" hits="0" branch="false"/>
						<line number="536" hits="0" branch="false"/>
					</lines>
				</class>
			</classes>
		</package>
	</packages>
</coverage>
